{"/Users/ulysesedceladrales/Talk/Sample/App.tsx": {"path":"/Users/ulysesedceladrales/Talk/Sample/App.tsx","statementMap":{"0":{"start":{"line":25,"column":29},"end":{"line":25,"column":45}},"1":{"start":{"line":26,"column":19},"end":{"line":26,"column":46}},"2":{"start":{"line":27,"column":2},"end":{"line":30,"column":4}},"3":{"start":{"line":34,"column":34},"end":{"line":34,"column":53}},"4":{"start":{"line":36,"column":2},"end":{"line":90,"column":4}},"5":{"start":{"line":46,"column":14},"end":{"line":50,"column":16}},"6":{"start":{"line":57,"column":14},"end":{"line":61,"column":16}},"7":{"start":{"line":68,"column":14},"end":{"line":72,"column":16}},"8":{"start":{"line":79,"column":14},"end":{"line":83,"column":16}}},"fnMap":{"0":{"name":"onSubmit","decl":{"start":{"line":24,"column":22},"end":{"line":24,"column":30}},"loc":{"start":{"line":24,"column":47},"end":{"line":31,"column":1}},"line":24},"1":{"name":"App","decl":{"start":{"line":33,"column":9},"end":{"line":33,"column":12}},"loc":{"start":{"line":33,"column":28},"end":{"line":91,"column":1}},"line":33},"2":{"name":"(anonymous_2)","decl":{"start":{"line":45,"column":20},"end":{"line":45,"column":21}},"loc":{"start":{"line":46,"column":14},"end":{"line":50,"column":16}},"line":46},"3":{"name":"(anonymous_3)","decl":{"start":{"line":56,"column":20},"end":{"line":56,"column":21}},"loc":{"start":{"line":57,"column":14},"end":{"line":61,"column":16}},"line":57},"4":{"name":"(anonymous_4)","decl":{"start":{"line":67,"column":20},"end":{"line":67,"column":21}},"loc":{"start":{"line":68,"column":14},"end":{"line":72,"column":16}},"line":68},"5":{"name":"(anonymous_5)","decl":{"start":{"line":78,"column":20},"end":{"line":78,"column":21}},"loc":{"start":{"line":79,"column":14},"end":{"line":83,"column":16}},"line":79}},"branchMap":{},"s":{"0":1,"1":1,"2":1,"3":1,"4":1,"5":1,"6":1,"7":1,"8":1},"f":{"0":1,"1":1,"2":1,"3":1,"4":1,"5":1},"b":{},"_coverageSchema":"1a1c01bbd47fc00a2c39e90264f33305004495a9","hash":"b1ae405b9620bacf6b6a4f1b2aa477474c077a4d"}
,"/Users/ulysesedceladrales/Talk/Sample/service/user/index.ts": {"path":"/Users/ulysesedceladrales/Talk/Sample/service/user/index.ts","statementMap":{"0":{"start":{"line":4,"column":19},"end":{"line":7,"column":4}},"1":{"start":{"line":8,"column":2},"end":{"line":8,"column":18}}},"fnMap":{"0":{"name":"createUser","decl":{"start":{"line":3,"column":22},"end":{"line":3,"column":32}},"loc":{"start":{"line":3,"column":48},"end":{"line":9,"column":1}},"line":3}},"branchMap":{},"s":{"0":2,"1":2},"f":{"0":2},"b":{},"_coverageSchema":"1a1c01bbd47fc00a2c39e90264f33305004495a9","hash":"341afbcec76330444fc4d45e99662ab004ade3c6"}
,"/Users/ulysesedceladrales/Talk/Sample/utils/formatInfo.ts": {"path":"/Users/ulysesedceladrales/Talk/Sample/utils/formatInfo.ts","statementMap":{"0":{"start":{"line":4,"column":2},"end":{"line":9,"column":4}}},"fnMap":{"0":{"name":"formatInfo","decl":{"start":{"line":3,"column":16},"end":{"line":3,"column":26}},"loc":{"start":{"line":3,"column":43},"end":{"line":10,"column":1}},"line":3}},"branchMap":{"0":{"loc":{"start":{"line":6,"column":6},"end":{"line":6,"column":44}},"type":"cond-expr","locations":[{"start":{"line":6,"column":24},"end":{"line":6,"column":39}},{"start":{"line":6,"column":42},"end":{"line":6,"column":44}}],"line":6}},"s":{"0":3},"f":{"0":3},"b":{"0":[2,1]},"_coverageSchema":"1a1c01bbd47fc00a2c39e90264f33305004495a9","hash":"64054e9659cc8b8c4a4ce3259a73ca616646dd36"}
}
