TN:
SF:App.tsx
FN:24,onSubmit
FN:33,App
FN:45,(anonymous_2)
FN:56,(anonymous_3)
FN:67,(anonymous_4)
FN:78,(anonymous_5)
FNF:6
FNH:6
FNDA:1,onSubmit
FNDA:1,App
FNDA:1,(anonymous_2)
FNDA:1,(anonymous_3)
FNDA:1,(anonymous_4)
FNDA:1,(anonymous_5)
DA:25,1
DA:26,1
DA:27,1
DA:34,1
DA:36,1
DA:46,1
DA:57,1
DA:68,1
DA:79,1
LF:9
LH:9
BRF:0
BRH:0
end_of_record
TN:
SF:service/user/index.ts
FN:3,createUser
FNF:1
FNH:1
FNDA:2,createUser
DA:4,2
DA:8,2
LF:2
LH:2
BRF:0
BRH:0
end_of_record
TN:
SF:utils/formatInfo.ts
FN:3,formatInfo
FNF:1
FNH:1
FNDA:3,formatInfo
DA:4,3
LF:1
LH:1
BRDA:6,0,0,2
BRDA:6,0,1,1
BRF:2
BRH:2
end_of_record
